<?xml version="1.0" encoding="UTF-8"?>
<testng-results ignored="0" total="1" passed="1" failed="0" skipped="0">
  <reporter-output>
  </reporter-output>
  <suite started-at="2023-02-09T14:29:47 IST" name="Suite" finished-at="2023-02-09T14:29:59 IST" duration-ms="12635">
    <groups>
    </groups>
    <test started-at="2023-02-09T14:29:47 IST" name="Test" finished-at="2023-02-09T14:29:59 IST" duration-ms="12635">
      <class name="sample.homePageTest">
        <test-method is-config="true" signature="setUp(java.lang.String)[pri:0, instance:sample.homePageTest@5677323c]" started-at="2023-02-09T14:29:47 IST" name="setUp" finished-at="2023-02-09T14:29:58 IST" duration-ms="11598" status="PASS">
          <params>
            <param index="0">
              <value>
                <![CDATA[chrome]]>
              </value>
            </param>
          </params>
          <reporter-output>
          </reporter-output>
        </test-method> <!-- setUp -->
        <test-method signature="homePageTests()[pri:0, instance:sample.homePageTest@5677323c]" started-at="2023-02-09T14:29:58 IST" name="homePageTests" finished-at="2023-02-09T14:29:59 IST" duration-ms="315" status="PASS">
          <reporter-output>
          </reporter-output>
        </test-method> <!-- homePageTests -->
        <test-method is-config="true" signature="tearDown()[pri:0, instance:sample.homePageTest@5677323c]" started-at="2023-02-09T14:29:59 IST" name="tearDown" finished-at="2023-02-09T14:29:59 IST" duration-ms="657" status="PASS">
          <reporter-output>
          </reporter-output>
        </test-method> <!-- tearDown -->
      </class> <!-- sample.homePageTest -->
    </test> <!-- Test -->
  </suite> <!-- Suite -->
</testng-results>
